EVENT: project_audit_completed
PROJECT: 10-lexis-segundo-cerebro
PHASE: development
TRIGGER: "quiero que revises todo el proyecto de Lexis: bugs, mejoras, stack"
VULNS_FOUND: 16 (critical: 1, high: 6, medium: 6, low: 3)
BUGS_FOUND: 3 (middleware gate en rutas públicas, escalation confidence=1, cadence muerta)
IMPROVEMENTS_FOUND: 12
DECISION: GO-WITH-CONDITIONS
TOP_RISK: tokens OAuth Google + API keys en texto plano en connector_credentials
TIMESTAMP: 2026-07-06

EVENT: p0_security_containment_implemented
PROJECT: 10-lexis-segundo-cerebro
PHASE: development
TRIGGER: "contención P0 0-48h prioritaria"
VULNS_REMEDIATED_IN_CODE: connector credential plaintext persistence; divergent cron authentication; OAuth error detail leakage; weak local secret ignore patterns
REGRESSIONS_ADDED: authenticated encryption, fail-closed legacy handling, tamper detection, key rotation, canonical Bearer cron authentication
EXTERNAL_ACTIONS_PENDING: remote credential migration; Google grant reauthorization; connector API-key rotation; CRON_SECRET rotation; deploy and smoke tests
DECISION: NO-GO-CONNECTORS-UNTIL-REMOTE-MIGRATION-AND-ROTATION
SECRET_VALUES_READ_OR_EXPOSED: no
TIMESTAMP: 2026-07-22
